android/app/build/intermediates/manifest_merge_blame_file/debug/manifest-merger-blame-debug-report.txt
1<?xml version="1.0" encoding="utf-8"?>
2<manifest xmlns:android="http://schemas.android.com/apk/res/android"
3    package="com.rafflego"
4    android:versionCode="1"
5    android:versionName="1.0" >
6
7    <uses-sdk
8        android:minSdkVersion="23"
9        android:targetSdkVersion="34" />
10    <!-- Permissions -->
11    <uses-permission android:name="android.permission.INTERNET" />
11-->src/main/AndroidManifest.xml:5:3-65
11-->src/main/AndroidManifest.xml:5:20-62
12    <uses-permission android:name="android.permission.RECORD_AUDIO" />
12-->src/main/AndroidManifest.xml:6:3-69
12-->src/main/AndroidManifest.xml:6:20-66
13    <uses-permission android:name="android.permission.CAMERA" />
13-->src/main/AndroidManifest.xml:7:3-63
13-->src/main/AndroidManifest.xml:7:20-60
14    <uses-permission
14-->src/main/AndroidManifest.xml:8:3-9:34
15        android:name="android.permission.WRITE_EXTERNAL_STORAGE"
15-->src/main/AndroidManifest.xml:8:20-76
16        android:maxSdkVersion="28" /> <!-- For Android 9 and below -->
16-->src/main/AndroidManifest.xml:9:5-31
17    <uses-permission
17-->src/main/AndroidManifest.xml:10:3-11:32
18        android:name="android.permission.READ_MEDIA_IMAGES"
18-->src/main/AndroidManifest.xml:10:20-71
19        android:required="false" />
19-->src/main/AndroidManifest.xml:11:5-29
20    <uses-permission android:name="android.permission.ACCESS_NETWORK_STATE" />
20-->[:react-native-community_netinfo] AndroidManifest.xml:7:5-79
20-->[:react-native-community_netinfo] AndroidManifest.xml:7:22-76
21    <uses-permission android:name="android.permission.ACCESS_WIFI_STATE" />
21-->[:react-native-community_netinfo] AndroidManifest.xml:8:5-76
21-->[:react-native-community_netinfo] AndroidManifest.xml:8:22-73
22
23    <queries>
23-->[:react-native-image-crop-picker] AndroidManifest.xml:7:5-11:15
24        <intent>
24-->[:react-native-image-crop-picker] AndroidManifest.xml:8:9-10:18
25            <action android:name="android.media.action.IMAGE_CAPTURE" />
25-->[:react-native-image-crop-picker] AndroidManifest.xml:9:13-73
25-->[:react-native-image-crop-picker] AndroidManifest.xml:9:21-70
26        </intent>
27    </queries>
28
29    <uses-permission android:name="android.permission.READ_EXTERNAL_STORAGE" />
30    <!--
31    This manifest file is used only by Gradle to configure debug-only capabilities
32    for React Native Apps.
33    -->
34    <uses-permission android:name="android.permission.SYSTEM_ALERT_WINDOW" />
34-->[com.facebook.react:react-android:0.74.0] AndroidManifest.xml:16:5-78
34-->[com.facebook.react:react-android:0.74.0] AndroidManifest.xml:16:22-75
35
36    <permission
36-->[androidx.core:core:1.9.0] AndroidManifest.xml:22:5-24:47
37        android:name="com.rafflego.DYNAMIC_RECEIVER_NOT_EXPORTED_PERMISSION"
37-->[androidx.core:core:1.9.0] AndroidManifest.xml:23:9-81
38        android:protectionLevel="signature" />
38-->[androidx.core:core:1.9.0] AndroidManifest.xml:24:9-44
39
40    <uses-permission android:name="com.rafflego.DYNAMIC_RECEIVER_NOT_EXPORTED_PERMISSION" />
40-->[androidx.core:core:1.9.0] AndroidManifest.xml:26:5-97
40-->[androidx.core:core:1.9.0] AndroidManifest.xml:26:22-94
41
42    <application
42-->src/main/AndroidManifest.xml:14:3-35:17
43        android:name="com.rafflego.MainApplication"
43-->src/main/AndroidManifest.xml:15:5-36
44        android:allowBackup="false"
44-->src/main/AndroidManifest.xml:18:5-32
45        android:appComponentFactory="androidx.core.app.CoreComponentFactory"
45-->[androidx.core:core:1.9.0] AndroidManifest.xml:28:18-86
46        android:debuggable="true"
47        android:extractNativeLibs="false"
48        android:icon="@mipmap/ic_launcher"
48-->src/main/AndroidManifest.xml:17:5-39
49        android:label="@string/app_name"
49-->src/main/AndroidManifest.xml:16:5-37
50        android:theme="@style/AppTheme"
50-->src/main/AndroidManifest.xml:19:5-36
51        android:usesCleartextTraffic="true" > <!-- Main Activity -->
51-->src/debug/AndroidManifest.xml:6:9-44
52        <activity
52-->src/main/AndroidManifest.xml:22:5-34:16
53            android:name="com.rafflego.MainActivity"
53-->src/main/AndroidManifest.xml:23:7-35
54            android:configChanges="keyboard|keyboardHidden|orientation|screenLayout|screenSize|smallestScreenSize|uiMode"
54-->src/main/AndroidManifest.xml:25:7-116
55            android:exported="true"
55-->src/main/AndroidManifest.xml:28:7-30
56            android:label="@string/app_name"
56-->src/main/AndroidManifest.xml:24:7-39
57            android:launchMode="singleTask"
57-->src/main/AndroidManifest.xml:26:7-38
58            android:windowSoftInputMode="adjustPan" >
58-->src/main/AndroidManifest.xml:27:7-46
59            <intent-filter>
59-->src/main/AndroidManifest.xml:30:7-33:23
60                <action android:name="android.intent.action.MAIN" />
60-->src/main/AndroidManifest.xml:31:9-61
60-->src/main/AndroidManifest.xml:31:17-58
61
62                <category android:name="android.intent.category.LAUNCHER" />
62-->src/main/AndroidManifest.xml:32:9-69
62-->src/main/AndroidManifest.xml:32:19-66
63            </intent-filter>
64        </activity>
65
66        <provider
66-->[:react-native-image-crop-picker] AndroidManifest.xml:16:9-24:20
67            android:name="com.reactnative.ivpusic.imagepicker.IvpusicImagePickerFileProvider"
67-->[:react-native-image-crop-picker] AndroidManifest.xml:17:13-94
68            android:authorities="com.rafflego.provider"
68-->[:react-native-image-crop-picker] AndroidManifest.xml:18:13-60
69            android:exported="false"
69-->[:react-native-image-crop-picker] AndroidManifest.xml:19:13-37
70            android:grantUriPermissions="true" >
70-->[:react-native-image-crop-picker] AndroidManifest.xml:20:13-47
71            <meta-data
71-->[:react-native-image-crop-picker] AndroidManifest.xml:21:13-23:78
72                android:name="android.support.FILE_PROVIDER_PATHS"
72-->[:react-native-image-crop-picker] AndroidManifest.xml:22:17-67
73                android:resource="@xml/ivpusic_imagepicker_provider_paths" />
73-->[:react-native-image-crop-picker] AndroidManifest.xml:23:17-75
74        </provider>
75
76        <activity
76-->[:react-native-image-crop-picker] AndroidManifest.xml:26:9-28:72
77            android:name="com.yalantis.ucrop.UCropActivity"
77-->[:react-native-image-crop-picker] AndroidManifest.xml:27:13-60
78            android:theme="@style/Theme.AppCompat.Light.NoActionBar" />
78-->[:react-native-image-crop-picker] AndroidManifest.xml:28:13-69
79        <activity
79-->[com.facebook.react:react-android:0.74.0] AndroidManifest.xml:19:9-21:40
80            android:name="com.facebook.react.devsupport.DevSettingsActivity"
80-->[com.facebook.react:react-android:0.74.0] AndroidManifest.xml:20:13-77
81            android:exported="false" />
81-->[com.facebook.react:react-android:0.74.0] AndroidManifest.xml:21:13-37
82
83        <meta-data
83-->[com.github.bumptech.glide:okhttp3-integration:4.12.0] AndroidManifest.xml:11:9-13:43
84            android:name="com.bumptech.glide.integration.okhttp3.OkHttpGlideModule"
84-->[com.github.bumptech.glide:okhttp3-integration:4.12.0] AndroidManifest.xml:12:13-84
85            android:value="GlideModule" />
85-->[com.github.bumptech.glide:okhttp3-integration:4.12.0] AndroidManifest.xml:13:13-40
86
87        <provider
87-->[androidx.emoji2:emoji2:1.2.0] AndroidManifest.xml:24:9-32:20
88            android:name="androidx.startup.InitializationProvider"
88-->[androidx.emoji2:emoji2:1.2.0] AndroidManifest.xml:25:13-67
89            android:authorities="com.rafflego.androidx-startup"
89-->[androidx.emoji2:emoji2:1.2.0] AndroidManifest.xml:26:13-68
90            android:exported="false" >
90-->[androidx.emoji2:emoji2:1.2.0] AndroidManifest.xml:27:13-37
91            <meta-data
91-->[androidx.emoji2:emoji2:1.2.0] AndroidManifest.xml:29:13-31:52
92                android:name="androidx.emoji2.text.EmojiCompatInitializer"
92-->[androidx.emoji2:emoji2:1.2.0] AndroidManifest.xml:30:17-75
93                android:value="androidx.startup" />
93-->[androidx.emoji2:emoji2:1.2.0] AndroidManifest.xml:31:17-49
94            <meta-data
94-->[androidx.lifecycle:lifecycle-process:2.4.1] AndroidManifest.xml:31:13-33:52
95                android:name="androidx.lifecycle.ProcessLifecycleInitializer"
95-->[androidx.lifecycle:lifecycle-process:2.4.1] AndroidManifest.xml:32:17-78
96                android:value="androidx.startup" />
96-->[androidx.lifecycle:lifecycle-process:2.4.1] AndroidManifest.xml:33:17-49
97        </provider>
98
99        <meta-data
99-->[com.facebook.soloader:soloader:0.10.5] AndroidManifest.xml:12:9-14:37
100            android:name="com.facebook.soloader.enabled"
100-->[com.facebook.soloader:soloader:0.10.5] AndroidManifest.xml:13:13-57
101            android:value="false" />
101-->[com.facebook.soloader:soloader:0.10.5] AndroidManifest.xml:14:13-34
102    </application>
103
104</manifest>